[2020-10-18 15:00:03,930] INFO [GroupCoordinator 0]: Preparing to rebalance group test-group in state PreparingRebalance with old generation 456 (__consumer_offsets-12) (reason: Adding new member example-consumer-da97bc6f-0e75-449b-8a0f-2dfbf5a6a3a2 with group instance id None) (kafka.coordinator.group.GroupCoordinator)
[2020-10-18 15:00:22,360] INFO [GroupCoordinator 0]: Member example-consumer-89d94be8-38f2-4c69-8a13-d23646c559d6 in group test-group has failed, removing it from the group (kafka.coordinator.group.GroupCoordinator)
[2020-10-18 15:00:22,365] INFO [GroupCoordinator 0]: Stabilized group test-group generation 457 (__consumer_offsets-12) (kafka.coordinator.group.GroupCoordinator)
[2020-10-18 15:00:33,847] INFO [GroupCoordinator 0]: Preparing to rebalance group test-group in state PreparingRebalance with old generation 457 (__consumer_offsets-12) (reason: Adding new member example-consumer-d7500f46-7be3-4ee2-a84e-13de110d7a08 with group instance id None) (kafka.coordinator.group.GroupCoordinator)
[2020-10-18 15:00:52,368] INFO [GroupCoordinator 0]: Member example-consumer-da97bc6f-0e75-449b-8a0f-2dfbf5a6a3a2 in group test-group has failed, removing it from the group (kafka.coordinator.group.GroupCoordinator)
[2020-10-18 15:00:52,371] INFO [GroupCoordinator 0]: Stabilized group test-group generation 458 (__consumer_offsets-12) (kafka.coordinator.group.GroupCoordinator)
[2020-10-18 15:00:52,390] INFO [GroupCoordinator 0]: Assignment received from leader for group test-group for generation 458 (kafka.coordinator.group.GroupCoordinator)
[2020-10-18 15:05:45,693] INFO [GroupMetadataManager brokerId=0] Removed 0 expired offsets in 1 milliseconds. (kafka.coordinator.group.GroupMetadataManager)
[2020-10-18 15:07:21,676] INFO [GroupCoordinator 0]: Preparing to rebalance group test-group in state PreparingRebalance with old generation 458 (__consumer_offsets-12) (reason: Adding new member example-consumer-d5ff7cb8-bc02-4db5-8dbf-27403d7a7a28 with group instance id None) (kafka.coordinator.group.GroupCoordinator)
[2020-10-18 15:07:42,364] INFO [GroupCoordinator 0]: Member example-consumer-d7500f46-7be3-4ee2-a84e-13de110d7a08 in group test-group has failed, removing it from the group (kafka.coordinator.group.GroupCoordinator)
[2020-10-18 15:07:42,368] INFO [GroupCoordinator 0]: Stabilized group test-group generation 459 (__consumer_offsets-12) (kafka.coordinator.group.GroupCoordinator)
[2020-10-18 15:07:42,387] INFO [GroupCoordinator 0]: Assignment received from leader for group test-group for generation 459 (kafka.coordinator.group.GroupCoordinator)
[2020-10-18 15:08:52,473] INFO [GroupCoordinator 0]: Member example-consumer-d5ff7cb8-bc02-4db5-8dbf-27403d7a7a28 in group test-group has failed, removing it from the group (kafka.coordinator.group.GroupCoordinator)
[2020-10-18 15:08:52,473] INFO [GroupCoordinator 0]: Preparing to rebalance group test-group in state PreparingRebalance with old generation 459 (__consumer_offsets-12) (reason: removing member example-consumer-d5ff7cb8-bc02-4db5-8dbf-27403d7a7a28 on heartbeat expiration) (kafka.coordinator.group.GroupCoordinator)
[2020-10-18 15:08:52,474] INFO [GroupCoordinator 0]: Group test-group with generation 460 is now empty (__consumer_offsets-12) (kafka.coordinator.group.GroupCoordinator)
[2020-10-18 15:15:45,705] INFO [GroupMetadataManager brokerId=0] Removed 0 expired offsets in 4 milliseconds. (kafka.coordinator.group.GroupMetadataManager)
[2020-10-18 15:23:57,263] INFO Creating topic rocket-topic with configuration {} and initial partition assignment HashMap(0 -> ArrayBuffer(0)) (kafka.zk.AdminZkClient)
[2020-10-18 15:23:57,392] INFO [KafkaApi-0] Auto creation of topic rocket-topic with 1 partitions and replication factor 1 is successful (kafka.server.KafkaApis)
[2020-10-18 15:23:57,581] INFO [ReplicaFetcherManager on broker 0] Removed fetcher for partitions Set(rocket-topic-0) (kafka.server.ReplicaFetcherManager)
[2020-10-18 15:23:57,634] INFO [Log partition=rocket-topic-0, dir=/tmp/kafka-logs] Loading producer state till offset 0 with message format version 2 (kafka.log.Log)
[2020-10-18 15:23:57,646] INFO Created log for partition rocket-topic-0 in /tmp/kafka-logs/rocket-topic-0 with properties {compression.type -> producer, min.insync.replicas -> 1, message.downconversion.enable -> true, segment.jitter.ms -> 0, cleanup.policy -> [delete], flush.ms -> 9223372036854775807, retention.ms -> 604800000, segment.bytes -> 1073741824, flush.messages -> 9223372036854775807, message.format.version -> 2.6-IV0, max.compaction.lag.ms -> 9223372036854775807, file.delete.delay.ms -> 60000, max.message.bytes -> 1048588, min.compaction.lag.ms -> 0, message.timestamp.type -> CreateTime, preallocate -> false, index.interval.bytes -> 4096, min.cleanable.dirty.ratio -> 0.5, unclean.leader.election.enable -> false, retention.bytes -> -1, delete.retention.ms -> 86400000, segment.ms -> 604800000, message.timestamp.difference.max.ms -> 9223372036854775807, segment.index.bytes -> 10485760}. (kafka.log.LogManager)
[2020-10-18 15:23:57,648] INFO [Partition rocket-topic-0 broker=0] No checkpointed highwatermark is found for partition rocket-topic-0 (kafka.cluster.Partition)
[2020-10-18 15:23:57,648] INFO [Partition rocket-topic-0 broker=0] Log loaded for partition rocket-topic-0 with initial high watermark 0 (kafka.cluster.Partition)
[2020-10-18 15:23:57,729] INFO Creating topic booster-topic with configuration {} and initial partition assignment HashMap(0 -> ArrayBuffer(0)) (kafka.zk.AdminZkClient)
[2020-10-18 15:23:57,760] INFO [KafkaApi-0] Auto creation of topic booster-topic with 1 partitions and replication factor 1 is successful (kafka.server.KafkaApis)
[2020-10-18 15:23:57,823] INFO [ReplicaFetcherManager on broker 0] Removed fetcher for partitions Set(booster-topic-0) (kafka.server.ReplicaFetcherManager)
[2020-10-18 15:23:57,829] INFO [Log partition=booster-topic-0, dir=/tmp/kafka-logs] Loading producer state till offset 0 with message format version 2 (kafka.log.Log)
[2020-10-18 15:23:57,833] INFO Created log for partition booster-topic-0 in /tmp/kafka-logs/booster-topic-0 with properties {compression.type -> producer, min.insync.replicas -> 1, message.downconversion.enable -> true, segment.jitter.ms -> 0, cleanup.policy -> [delete], flush.ms -> 9223372036854775807, retention.ms -> 604800000, segment.bytes -> 1073741824, flush.messages -> 9223372036854775807, message.format.version -> 2.6-IV0, max.compaction.lag.ms -> 9223372036854775807, file.delete.delay.ms -> 60000, max.message.bytes -> 1048588, min.compaction.lag.ms -> 0, message.timestamp.type -> CreateTime, preallocate -> false, index.interval.bytes -> 4096, min.cleanable.dirty.ratio -> 0.5, unclean.leader.election.enable -> false, retention.bytes -> -1, delete.retention.ms -> 86400000, segment.ms -> 604800000, message.timestamp.difference.max.ms -> 9223372036854775807, segment.index.bytes -> 10485760}. (kafka.log.LogManager)
[2020-10-18 15:23:57,834] INFO [Partition booster-topic-0 broker=0] No checkpointed highwatermark is found for partition booster-topic-0 (kafka.cluster.Partition)
[2020-10-18 15:23:57,834] INFO [Partition booster-topic-0 broker=0] Log loaded for partition booster-topic-0 with initial high watermark 0 (kafka.cluster.Partition)
[2020-10-18 15:24:23,387] INFO [GroupCoordinator 0]: Preparing to rebalance group test-group in state PreparingRebalance with old generation 460 (__consumer_offsets-12) (reason: Adding new member example-consumer-e7e76c2e-05b5-42dd-94fa-d6e7306a5bef with group instance id None) (kafka.coordinator.group.GroupCoordinator)
[2020-10-18 15:24:23,396] INFO [GroupCoordinator 0]: Stabilized group test-group generation 461 (__consumer_offsets-12) (kafka.coordinator.group.GroupCoordinator)
[2020-10-18 15:24:23,432] INFO [GroupCoordinator 0]: Assignment received from leader for group test-group for generation 461 (kafka.coordinator.group.GroupCoordinator)
[2020-10-18 15:25:45,712] INFO [GroupMetadataManager brokerId=0] Removed 0 expired offsets in 5 milliseconds. (kafka.coordinator.group.GroupMetadataManager)
[2020-10-18 15:26:31,559] INFO [GroupCoordinator 0]: Member example-consumer-e7e76c2e-05b5-42dd-94fa-d6e7306a5bef in group test-group has failed, removing it from the group (kafka.coordinator.group.GroupCoordinator)
[2020-10-18 15:26:31,562] INFO [GroupCoordinator 0]: Preparing to rebalance group test-group in state PreparingRebalance with old generation 461 (__consumer_offsets-12) (reason: removing member example-consumer-e7e76c2e-05b5-42dd-94fa-d6e7306a5bef on heartbeat expiration) (kafka.coordinator.group.GroupCoordinator)
[2020-10-18 15:26:31,564] INFO [GroupCoordinator 0]: Group test-group with generation 462 is now empty (__consumer_offsets-12) (kafka.coordinator.group.GroupCoordinator)
[2020-10-18 15:26:33,152] INFO [GroupCoordinator 0]: Preparing to rebalance group test-group in state PreparingRebalance with old generation 462 (__consumer_offsets-12) (reason: Adding new member example-consumer-e87ba31b-4f4b-4a9c-b79f-279a80116e20 with group instance id None) (kafka.coordinator.group.GroupCoordinator)
[2020-10-18 15:26:33,158] INFO [GroupCoordinator 0]: Stabilized group test-group generation 463 (__consumer_offsets-12) (kafka.coordinator.group.GroupCoordinator)
[2020-10-18 15:26:33,172] INFO [GroupCoordinator 0]: Assignment received from leader for group test-group for generation 463 (kafka.coordinator.group.GroupCoordinator)
[2020-10-18 15:28:37,485] INFO [GroupCoordinator 0]: Preparing to rebalance group test-group in state PreparingRebalance with old generation 463 (__consumer_offsets-12) (reason: Adding new member example-consumer-840d716f-0a27-4f14-b9b5-729682d7a26e with group instance id None) (kafka.coordinator.group.GroupCoordinator)
[2020-10-18 15:29:02,986] INFO [GroupCoordinator 0]: Member example-consumer-e87ba31b-4f4b-4a9c-b79f-279a80116e20 in group test-group has failed, removing it from the group (kafka.coordinator.group.GroupCoordinator)
[2020-10-18 15:29:03,018] INFO [GroupCoordinator 0]: Stabilized group test-group generation 464 (__consumer_offsets-12) (kafka.coordinator.group.GroupCoordinator)
[2020-10-18 15:29:33,022] INFO [GroupCoordinator 0]: Member example-consumer-840d716f-0a27-4f14-b9b5-729682d7a26e in group test-group has failed, removing it from the group (kafka.coordinator.group.GroupCoordinator)
[2020-10-18 15:29:33,022] INFO [GroupCoordinator 0]: Preparing to rebalance group test-group in state PreparingRebalance with old generation 464 (__consumer_offsets-12) (reason: removing member example-consumer-840d716f-0a27-4f14-b9b5-729682d7a26e on heartbeat expiration) (kafka.coordinator.group.GroupCoordinator)
[2020-10-18 15:29:33,022] INFO [GroupCoordinator 0]: Group test-group with generation 465 is now empty (__consumer_offsets-12) (kafka.coordinator.group.GroupCoordinator)
[2020-10-18 15:30:05,884] INFO [GroupCoordinator 0]: Preparing to rebalance group test-group in state PreparingRebalance with old generation 465 (__consumer_offsets-12) (reason: Adding new member example-consumer-6e79cb49-8dc2-40e3-b678-30187c1be705 with group instance id None) (kafka.coordinator.group.GroupCoordinator)
[2020-10-18 15:30:05,888] INFO [GroupCoordinator 0]: Stabilized group test-group generation 466 (__consumer_offsets-12) (kafka.coordinator.group.GroupCoordinator)
[2020-10-18 15:30:05,900] INFO [GroupCoordinator 0]: Assignment received from leader for group test-group for generation 466 (kafka.coordinator.group.GroupCoordinator)
[2020-10-18 15:34:19,167] INFO [GroupCoordinator 0]: Preparing to rebalance group test-group in state PreparingRebalance with old generation 466 (__consumer_offsets-12) (reason: Adding new member example-consumer-1cca76d6-11b1-47db-8419-cfd4c9b6a09e with group instance id None) (kafka.coordinator.group.GroupCoordinator)
[2020-10-18 15:34:41,016] INFO [GroupCoordinator 0]: Member example-consumer-6e79cb49-8dc2-40e3-b678-30187c1be705 in group test-group has failed, removing it from the group (kafka.coordinator.group.GroupCoordinator)
[2020-10-18 15:34:41,018] INFO [GroupCoordinator 0]: Stabilized group test-group generation 467 (__consumer_offsets-12) (kafka.coordinator.group.GroupCoordinator)
[2020-10-18 15:34:47,985] INFO [GroupCoordinator 0]: Preparing to rebalance group test-group in state PreparingRebalance with old generation 467 (__consumer_offsets-12) (reason: Adding new member example-consumer-886c6fd2-3101-467b-b35e-64b8afa67145 with group instance id None) (kafka.coordinator.group.GroupCoordinator)
[2020-10-18 15:35:11,022] INFO [GroupCoordinator 0]: Member example-consumer-1cca76d6-11b1-47db-8419-cfd4c9b6a09e in group test-group has failed, removing it from the group (kafka.coordinator.group.GroupCoordinator)
[2020-10-18 15:35:11,027] INFO [GroupCoordinator 0]: Stabilized group test-group generation 468 (__consumer_offsets-12) (kafka.coordinator.group.GroupCoordinator)
[2020-10-18 15:35:11,042] INFO [GroupCoordinator 0]: Assignment received from leader for group test-group for generation 468 (kafka.coordinator.group.GroupCoordinator)
[2020-10-18 15:35:45,715] INFO [GroupMetadataManager brokerId=0] Removed 0 expired offsets in 1 milliseconds. (kafka.coordinator.group.GroupMetadataManager)
[2020-10-18 15:36:32,559] INFO [GroupCoordinator 0]: Preparing to rebalance group test-group in state PreparingRebalance with old generation 468 (__consumer_offsets-12) (reason: Adding new member example-consumer-3848160c-63c1-4390-9b7c-e05ab51f4de2 with group instance id None) (kafka.coordinator.group.GroupCoordinator)
[2020-10-18 15:36:57,487] INFO [GroupCoordinator 0]: Member example-consumer-886c6fd2-3101-467b-b35e-64b8afa67145 in group test-group has failed, removing it from the group (kafka.coordinator.group.GroupCoordinator)
[2020-10-18 15:36:57,488] INFO [GroupCoordinator 0]: Stabilized group test-group generation 469 (__consumer_offsets-12) (kafka.coordinator.group.GroupCoordinator)
[2020-10-18 15:37:01,910] INFO [GroupCoordinator 0]: Preparing to rebalance group test-group in state PreparingRebalance with old generation 469 (__consumer_offsets-12) (reason: Adding new member example-consumer-f765a823-d1bb-4650-aa50-1a0abde9e846 with group instance id None) (kafka.coordinator.group.GroupCoordinator)
[2020-10-18 15:37:27,492] INFO [GroupCoordinator 0]: Member example-consumer-3848160c-63c1-4390-9b7c-e05ab51f4de2 in group test-group has failed, removing it from the group (kafka.coordinator.group.GroupCoordinator)
[2020-10-18 15:37:27,495] INFO [GroupCoordinator 0]: Stabilized group test-group generation 470 (__consumer_offsets-12) (kafka.coordinator.group.GroupCoordinator)
[2020-10-18 15:37:27,503] INFO [GroupCoordinator 0]: Assignment received from leader for group test-group for generation 470 (kafka.coordinator.group.GroupCoordinator)
[2020-10-18 15:38:24,889] INFO [GroupCoordinator 0]: Preparing to rebalance group test-group in state PreparingRebalance with old generation 470 (__consumer_offsets-12) (reason: Adding new member example-consumer-97a9e94f-5eb9-49c2-82e2-9106b93a2870 with group instance id None) (kafka.coordinator.group.GroupCoordinator)
[2020-10-18 15:38:50,864] INFO [GroupCoordinator 0]: Member example-consumer-f765a823-d1bb-4650-aa50-1a0abde9e846 in group test-group has failed, removing it from the group (kafka.coordinator.group.GroupCoordinator)
[2020-10-18 15:38:50,866] INFO [GroupCoordinator 0]: Stabilized group test-group generation 471 (__consumer_offsets-12) (kafka.coordinator.group.GroupCoordinator)
[2020-10-18 15:39:06,369] INFO [GroupCoordinator 0]: Preparing to rebalance group test-group in state PreparingRebalance with old generation 471 (__consumer_offsets-12) (reason: Adding new member example-consumer-d03a4689-2550-42b6-8caa-01c71435a547 with group instance id None) (kafka.coordinator.group.GroupCoordinator)
[2020-10-18 15:39:20,867] INFO [GroupCoordinator 0]: Member example-consumer-97a9e94f-5eb9-49c2-82e2-9106b93a2870 in group test-group has failed, removing it from the group (kafka.coordinator.group.GroupCoordinator)
[2020-10-18 15:39:20,875] INFO [GroupCoordinator 0]: Stabilized group test-group generation 472 (__consumer_offsets-12) (kafka.coordinator.group.GroupCoordinator)
[2020-10-18 15:39:20,887] INFO [GroupCoordinator 0]: Assignment received from leader for group test-group for generation 472 (kafka.coordinator.group.GroupCoordinator)
[2020-10-18 15:41:18,504] INFO [GroupCoordinator 0]: Member example-consumer-d03a4689-2550-42b6-8caa-01c71435a547 in group test-group has failed, removing it from the group (kafka.coordinator.group.GroupCoordinator)
[2020-10-18 15:41:18,505] INFO [GroupCoordinator 0]: Preparing to rebalance group test-group in state PreparingRebalance with old generation 472 (__consumer_offsets-12) (reason: removing member example-consumer-d03a4689-2550-42b6-8caa-01c71435a547 on heartbeat expiration) (kafka.coordinator.group.GroupCoordinator)
[2020-10-18 15:41:18,505] INFO [GroupCoordinator 0]: Group test-group with generation 473 is now empty (__consumer_offsets-12) (kafka.coordinator.group.GroupCoordinator)
[2020-10-18 15:41:21,134] INFO [GroupCoordinator 0]: Preparing to rebalance group test-group in state PreparingRebalance with old generation 473 (__consumer_offsets-12) (reason: Adding new member example-consumer-d701906f-d79e-482b-8ff5-4def332895f6 with group instance id None) (kafka.coordinator.group.GroupCoordinator)
[2020-10-18 15:41:21,139] INFO [GroupCoordinator 0]: Stabilized group test-group generation 474 (__consumer_offsets-12) (kafka.coordinator.group.GroupCoordinator)
[2020-10-18 15:41:21,160] INFO [GroupCoordinator 0]: Assignment received from leader for group test-group for generation 474 (kafka.coordinator.group.GroupCoordinator)
[2020-10-18 15:44:16,422] INFO Terminating process due to signal SIGINT (org.apache.kafka.common.utils.LoggingSignalHandler)
[2020-10-18 15:44:16,480] INFO [KafkaServer id=0] shutting down (kafka.server.KafkaServer)
[2020-10-18 15:44:16,491] INFO [KafkaServer id=0] Starting controlled shutdown (kafka.server.KafkaServer)
[2020-10-18 15:44:16,615] INFO [KafkaServer id=0] Controlled shutdown succeeded (kafka.server.KafkaServer)
[2020-10-18 15:44:16,624] INFO [/config/changes-event-process-thread]: Shutting down (kafka.common.ZkNodeChangeNotificationListener$ChangeEventProcessThread)
[2020-10-18 15:44:16,627] INFO [/config/changes-event-process-thread]: Shutdown completed (kafka.common.ZkNodeChangeNotificationListener$ChangeEventProcessThread)
[2020-10-18 15:44:16,626] INFO [/config/changes-event-process-thread]: Stopped (kafka.common.ZkNodeChangeNotificationListener$ChangeEventProcessThread)
[2020-10-18 15:44:16,635] INFO [SocketServer brokerId=0] Stopping socket server request processors (kafka.network.SocketServer)
[2020-10-18 15:44:16,681] INFO [SocketServer brokerId=0] Stopped socket server request processors (kafka.network.SocketServer)
[2020-10-18 15:44:16,684] INFO [data-plane Kafka Request Handler on Broker 0], shutting down (kafka.server.KafkaRequestHandlerPool)
[2020-10-18 15:44:16,701] INFO [data-plane Kafka Request Handler on Broker 0], shut down completely (kafka.server.KafkaRequestHandlerPool)
[2020-10-18 15:44:16,710] INFO [ExpirationReaper-0-AlterAcls]: Shutting down (kafka.server.DelayedOperationPurgatory$ExpiredOperationReaper)
[2020-10-18 15:44:16,750] INFO [ExpirationReaper-0-AlterAcls]: Shutdown completed (kafka.server.DelayedOperationPurgatory$ExpiredOperationReaper)
[2020-10-18 15:44:16,750] INFO [ExpirationReaper-0-AlterAcls]: Stopped (kafka.server.DelayedOperationPurgatory$ExpiredOperationReaper)
[2020-10-18 15:44:16,752] INFO [KafkaApi-0] Shutdown complete. (kafka.server.KafkaApis)
[2020-10-18 15:44:16,754] INFO [ExpirationReaper-0-topic]: Shutting down (kafka.server.DelayedOperationPurgatory$ExpiredOperationReaper)
[2020-10-18 15:44:16,779] INFO [ExpirationReaper-0-topic]: Shutdown completed (kafka.server.DelayedOperationPurgatory$ExpiredOperationReaper)
[2020-10-18 15:44:16,779] INFO [ExpirationReaper-0-topic]: Stopped (kafka.server.DelayedOperationPurgatory$ExpiredOperationReaper)
[2020-10-18 15:44:16,785] INFO [TransactionCoordinator id=0] Shutting down. (kafka.coordinator.transaction.TransactionCoordinator)
[2020-10-18 15:44:16,789] INFO [ProducerId Manager 0]: Shutdown complete: last producerId assigned 0 (kafka.coordinator.transaction.ProducerIdManager)
[2020-10-18 15:44:16,793] INFO [Transaction State Manager 0]: Shutdown complete (kafka.coordinator.transaction.TransactionStateManager)
[2020-10-18 15:44:16,793] INFO [Transaction Marker Channel Manager 0]: Shutting down (kafka.coordinator.transaction.TransactionMarkerChannelManager)
[2020-10-18 15:44:16,793] INFO [Transaction Marker Channel Manager 0]: Stopped (kafka.coordinator.transaction.TransactionMarkerChannelManager)
[2020-10-18 15:44:16,793] INFO [Transaction Marker Channel Manager 0]: Shutdown completed (kafka.coordinator.transaction.TransactionMarkerChannelManager)
[2020-10-18 15:44:16,795] INFO [TransactionCoordinator id=0] Shutdown complete. (kafka.coordinator.transaction.TransactionCoordinator)
[2020-10-18 15:44:16,796] INFO [GroupCoordinator 0]: Shutting down. (kafka.coordinator.group.GroupCoordinator)
[2020-10-18 15:44:16,799] INFO [ExpirationReaper-0-Heartbeat]: Shutting down (kafka.server.DelayedOperationPurgatory$ExpiredOperationReaper)
[2020-10-18 15:44:17,003] INFO [ExpirationReaper-0-Heartbeat]: Stopped (kafka.server.DelayedOperationPurgatory$ExpiredOperationReaper)
[2020-10-18 15:44:17,003] INFO [ExpirationReaper-0-Heartbeat]: Shutdown completed (kafka.server.DelayedOperationPurgatory$ExpiredOperationReaper)
[2020-10-18 15:44:17,004] INFO [ExpirationReaper-0-Rebalance]: Shutting down (kafka.server.DelayedOperationPurgatory$ExpiredOperationReaper)
[2020-10-18 15:44:17,028] INFO [ExpirationReaper-0-Rebalance]: Shutdown completed (kafka.server.DelayedOperationPurgatory$ExpiredOperationReaper)
[2020-10-18 15:44:17,028] INFO [ExpirationReaper-0-Rebalance]: Stopped (kafka.server.DelayedOperationPurgatory$ExpiredOperationReaper)
[2020-10-18 15:44:17,031] INFO [GroupCoordinator 0]: Shutdown complete. (kafka.coordinator.group.GroupCoordinator)
[2020-10-18 15:44:17,034] INFO [ReplicaManager broker=0] Shutting down (kafka.server.ReplicaManager)
[2020-10-18 15:44:17,034] INFO [LogDirFailureHandler]: Shutting down (kafka.server.ReplicaManager$LogDirFailureHandler)
[2020-10-18 15:44:17,036] INFO [LogDirFailureHandler]: Stopped (kafka.server.ReplicaManager$LogDirFailureHandler)
[2020-10-18 15:44:17,037] INFO [LogDirFailureHandler]: Shutdown completed (kafka.server.ReplicaManager$LogDirFailureHandler)
[2020-10-18 15:44:17,039] INFO [ReplicaFetcherManager on broker 0] shutting down (kafka.server.ReplicaFetcherManager)
[2020-10-18 15:44:17,043] INFO [ReplicaFetcherManager on broker 0] shutdown completed (kafka.server.ReplicaFetcherManager)
[2020-10-18 15:44:17,044] INFO [ReplicaAlterLogDirsManager on broker 0] shutting down (kafka.server.ReplicaAlterLogDirsManager)
[2020-10-18 15:44:17,045] INFO [ReplicaAlterLogDirsManager on broker 0] shutdown completed (kafka.server.ReplicaAlterLogDirsManager)
[2020-10-18 15:44:17,045] INFO [ExpirationReaper-0-Fetch]: Shutting down (kafka.server.DelayedOperationPurgatory$ExpiredOperationReaper)
[2020-10-18 15:44:17,185] INFO [ExpirationReaper-0-Fetch]: Stopped (kafka.server.DelayedOperationPurgatory$ExpiredOperationReaper)
[2020-10-18 15:44:17,185] INFO [ExpirationReaper-0-Fetch]: Shutdown completed (kafka.server.DelayedOperationPurgatory$ExpiredOperationReaper)
[2020-10-18 15:44:17,186] INFO [ExpirationReaper-0-Produce]: Shutting down (kafka.server.DelayedOperationPurgatory$ExpiredOperationReaper)
[2020-10-18 15:44:17,233] INFO [ExpirationReaper-0-Produce]: Stopped (kafka.server.DelayedOperationPurgatory$ExpiredOperationReaper)
[2020-10-18 15:44:17,234] INFO [ExpirationReaper-0-Produce]: Shutdown completed (kafka.server.DelayedOperationPurgatory$ExpiredOperationReaper)
[2020-10-18 15:44:17,234] INFO [ExpirationReaper-0-DeleteRecords]: Shutting down (kafka.server.DelayedOperationPurgatory$ExpiredOperationReaper)
[2020-10-18 15:44:17,440] INFO [ExpirationReaper-0-DeleteRecords]: Stopped (kafka.server.DelayedOperationPurgatory$ExpiredOperationReaper)
[2020-10-18 15:44:17,440] INFO [ExpirationReaper-0-DeleteRecords]: Shutdown completed (kafka.server.DelayedOperationPurgatory$ExpiredOperationReaper)
[2020-10-18 15:44:17,441] INFO [ExpirationReaper-0-ElectLeader]: Shutting down (kafka.server.DelayedOperationPurgatory$ExpiredOperationReaper)
[2020-10-18 15:44:17,643] INFO [ExpirationReaper-0-ElectLeader]: Stopped (kafka.server.DelayedOperationPurgatory$ExpiredOperationReaper)
[2020-10-18 15:44:17,643] INFO [ExpirationReaper-0-ElectLeader]: Shutdown completed (kafka.server.DelayedOperationPurgatory$ExpiredOperationReaper)
[2020-10-18 15:44:17,645] INFO [ReplicaManager broker=0] Shut down completely (kafka.server.ReplicaManager)
[2020-10-18 15:44:17,646] INFO Shutting down. (kafka.log.LogManager)
[2020-10-18 15:44:17,682] INFO [ProducerStateManager partition=test-0] Writing producer snapshot at offset 1 (kafka.log.ProducerStateManager)
[2020-10-18 15:44:17,747] INFO [ProducerStateManager partition=mission-topic-0] Writing producer snapshot at offset 378 (kafka.log.ProducerStateManager)
[2020-10-18 15:44:17,766] INFO [ProducerStateManager partition=booster-topic-0] Writing producer snapshot at offset 378 (kafka.log.ProducerStateManager)
[2020-10-18 15:44:17,852] INFO [ProducerStateManager partition=__consumer_offsets-12] Writing producer snapshot at offset 1569 (kafka.log.ProducerStateManager)
[2020-10-18 15:44:17,913] INFO [ProducerStateManager partition=rocket-topic-0] Writing producer snapshot at offset 414 (kafka.log.ProducerStateManager)
[2020-10-18 15:44:17,963] INFO [ProducerStateManager partition=__consumer_offsets-15] Writing producer snapshot at offset 3 (kafka.log.ProducerStateManager)
[2020-10-18 15:44:18,010] INFO Shutdown complete. (kafka.log.LogManager)
[2020-10-18 15:44:18,029] INFO [ZooKeeperClient Kafka server] Closing. (kafka.zookeeper.ZooKeeperClient)
[2020-10-18 15:44:18,183] INFO Session: 0x1000c10c3270000 closed (org.apache.zookeeper.ZooKeeper)
[2020-10-18 15:44:18,183] INFO EventThread shut down for session: 0x1000c10c3270000 (org.apache.zookeeper.ClientCnxn)
[2020-10-18 15:44:18,186] INFO [ZooKeeperClient Kafka server] Closed. (kafka.zookeeper.ZooKeeperClient)
[2020-10-18 15:44:18,187] INFO [ThrottledChannelReaper-Fetch]: Shutting down (kafka.server.ClientQuotaManager$ThrottledChannelReaper)
[2020-10-18 15:44:19,071] INFO [ThrottledChannelReaper-Fetch]: Shutdown completed (kafka.server.ClientQuotaManager$ThrottledChannelReaper)
[2020-10-18 15:44:19,071] INFO [ThrottledChannelReaper-Fetch]: Stopped (kafka.server.ClientQuotaManager$ThrottledChannelReaper)
[2020-10-18 15:44:19,072] INFO [ThrottledChannelReaper-Produce]: Shutting down (kafka.server.ClientQuotaManager$ThrottledChannelReaper)
[2020-10-18 15:44:20,075] INFO [ThrottledChannelReaper-Produce]: Stopped (kafka.server.ClientQuotaManager$ThrottledChannelReaper)
[2020-10-18 15:44:20,075] INFO [ThrottledChannelReaper-Produce]: Shutdown completed (kafka.server.ClientQuotaManager$ThrottledChannelReaper)
[2020-10-18 15:44:20,077] INFO [ThrottledChannelReaper-Request]: Shutting down (kafka.server.ClientQuotaManager$ThrottledChannelReaper)
[2020-10-18 15:44:21,078] INFO [ThrottledChannelReaper-Request]: Stopped (kafka.server.ClientQuotaManager$ThrottledChannelReaper)
[2020-10-18 15:44:21,079] INFO [ThrottledChannelReaper-Request]: Shutdown completed (kafka.server.ClientQuotaManager$ThrottledChannelReaper)
[2020-10-18 15:44:21,080] INFO [SocketServer brokerId=0] Shutting down socket server (kafka.network.SocketServer)
[2020-10-18 15:44:21,151] INFO [SocketServer brokerId=0] Shutdown completed (kafka.network.SocketServer)
[2020-10-18 15:44:21,161] INFO [KafkaServer id=0] shut down completed (kafka.server.KafkaServer)
